<?xml version="1.0" encoding="UTF-8"?>
<!-- Generated by org.testng.reporters.JUnitXMLReporter -->
<testsuite hostname="Admins-iMac-107.local" ignored="0" name="Application test" tests="4" failures="0" timestamp="30 Jun 2017 20:44:07 GMT" time="0.081" errors="0">
  <testcase name="testMethodOne" time="0.008" classname="testclasses.TestNG_TestClass1"/>
  <testcase name="testMethodTwo" time="0.003" classname="testclasses.TestNG_TestClass1"/>
  <testcase name="testMethodOne" time="0.002" classname="testclasses.TestNG_TestClass2"/>
  <testcase name="testMethodTwo" time="0.002" classname="testclasses.TestNG_TestClass2"/>
</testsuite> <!-- Application test -->
