<?xml version="1.0" encoding="UTF-8"?>
<!-- Generated by org.testng.reporters.JUnitXMLReporter -->
<testsuite hostname="Admins-iMac-107.local" ignored="2" name="Application Test" tests="4" failures="0" timestamp="30 Jun 2017 22:15:09 GMT" time="0.074" errors="0">
  <testcase name="testMethodOne" time="0.01" classname="regressionSuite.TestNG_TestClass1"/>
  <testcase name="testMethodTwo" time="0.003" classname="regressionSuite.TestNG_TestClass1"/>
  <testcase name="testMethodOne" time="0.001" classname="regressionSuite.TestNG_TestClass2"/>
  <testcase name="testMethodTwo" time="0.004" classname="regressionSuite.TestNG_TestClass2"/>
  <testcase name="@BeforeSuite beforeSuite" time="0.0" classname="base.BaseTestSuite">
    <ignored/>
  </testcase> <!-- @BeforeSuite beforeSuite -->
  <testcase name="@AfterSuite afterSuite" time="0.0" classname="base.BaseTestSuite">
    <ignored/>
  </testcase> <!-- @AfterSuite afterSuite -->
</testsuite> <!-- Application Test -->
