<?xml version="1.0" encoding="UTF-8"?>
<testng-results skipped="0" failed="0" ignored="2" total="6" passed="4">
  <reporter-output>
  </reporter-output>
  <suite name="Regression TestSuite" duration-ms="74" started-at="2017-06-30T22:15:04Z" finished-at="2017-06-30T22:15:04Z">
    <groups>
    </groups>
    <test name="Application Test" duration-ms="74" started-at="2017-06-30T22:15:04Z" finished-at="2017-06-30T22:15:04Z">
      <class name="regressionSuite.TestNG_TestClass2">
        <test-method status="PASS" signature="beforeClass()[pri:0, instance:regressionSuite.TestNG_TestClass2@396a51ab]" name="beforeClass" is-config="true" duration-ms="0" started-at="2017-06-30T15:15:04Z" finished-at="2017-06-30T15:15:04Z">
          <reporter-output>
          </reporter-output>
        </test-method> <!-- beforeClass -->
        <test-method status="PASS" signature="setUp()[pri:0, instance:regressionSuite.TestNG_TestClass2@396a51ab]" name="setUp" is-config="true" duration-ms="0" started-at="2017-06-30T15:15:04Z" finished-at="2017-06-30T15:15:04Z">
          <reporter-output>
          </reporter-output>
        </test-method> <!-- setUp -->
        <test-method status="PASS" signature="beforeMethod()[pri:0, instance:regressionSuite.TestNG_TestClass2@396a51ab]" name="beforeMethod" is-config="true" duration-ms="0" started-at="2017-06-30T15:15:04Z" finished-at="2017-06-30T15:15:04Z">
          <reporter-output>
          </reporter-output>
        </test-method> <!-- beforeMethod -->
        <test-method status="PASS" signature="testMethodOne()[pri:0, instance:regressionSuite.TestNG_TestClass2@396a51ab]" name="testMethodOne" duration-ms="1" started-at="2017-06-30T15:15:04Z" finished-at="2017-06-30T15:15:04Z">
          <reporter-output>
          </reporter-output>
        </test-method> <!-- testMethodOne -->
        <test-method status="PASS" signature="afterMethod()[pri:0, instance:regressionSuite.TestNG_TestClass2@396a51ab]" name="afterMethod" is-config="true" duration-ms="1" started-at="2017-06-30T15:15:04Z" finished-at="2017-06-30T15:15:04Z">
          <reporter-output>
          </reporter-output>
        </test-method> <!-- afterMethod -->
        <test-method status="PASS" signature="beforeMethod()[pri:0, instance:regressionSuite.TestNG_TestClass2@396a51ab]" name="beforeMethod" is-config="true" duration-ms="1" started-at="2017-06-30T15:15:04Z" finished-at="2017-06-30T15:15:04Z">
          <reporter-output>
          </reporter-output>
        </test-method> <!-- beforeMethod -->
        <test-method status="PASS" signature="testMethodTwo()[pri:0, instance:regressionSuite.TestNG_TestClass2@396a51ab]" name="testMethodTwo" duration-ms="4" started-at="2017-06-30T15:15:04Z" finished-at="2017-06-30T15:15:04Z">
          <reporter-output>
          </reporter-output>
        </test-method> <!-- testMethodTwo -->
        <test-method status="PASS" signature="afterMethod()[pri:0, instance:regressionSuite.TestNG_TestClass2@396a51ab]" name="afterMethod" is-config="true" duration-ms="0" started-at="2017-06-30T15:15:04Z" finished-at="2017-06-30T15:15:04Z">
          <reporter-output>
          </reporter-output>
        </test-method> <!-- afterMethod -->
        <test-method status="PASS" signature="cleanUp()[pri:0, instance:regressionSuite.TestNG_TestClass2@396a51ab]" name="cleanUp" is-config="true" duration-ms="0" started-at="2017-06-30T15:15:04Z" finished-at="2017-06-30T15:15:04Z">
          <reporter-output>
          </reporter-output>
        </test-method> <!-- cleanUp -->
        <test-method status="PASS" signature="afterClass()[pri:0, instance:regressionSuite.TestNG_TestClass2@396a51ab]" name="afterClass" is-config="true" duration-ms="1" started-at="2017-06-30T15:15:04Z" finished-at="2017-06-30T15:15:04Z">
          <reporter-output>
          </reporter-output>
        </test-method> <!-- afterClass -->
      </class> <!-- regressionSuite.TestNG_TestClass2 -->
      <class name="regressionSuite.TestNG_TestClass1">
        <test-method status="PASS" signature="beforeSuite()[pri:0, instance:regressionSuite.TestNG_TestClass1@5034c75a]" name="beforeSuite" is-config="true" duration-ms="19" started-at="2017-06-30T15:15:04Z" finished-at="2017-06-30T15:15:04Z">
          <reporter-output>
          </reporter-output>
        </test-method> <!-- beforeSuite -->
        <test-method status="PASS" signature="beforeClass()[pri:0, instance:regressionSuite.TestNG_TestClass1@5034c75a]" name="beforeClass" is-config="true" duration-ms="1" started-at="2017-06-30T15:15:04Z" finished-at="2017-06-30T15:15:04Z">
          <reporter-output>
          </reporter-output>
        </test-method> <!-- beforeClass -->
        <test-method status="PASS" signature="setUp()[pri:0, instance:regressionSuite.TestNG_TestClass1@5034c75a]" name="setUp" is-config="true" duration-ms="1" started-at="2017-06-30T15:15:04Z" finished-at="2017-06-30T15:15:04Z">
          <reporter-output>
          </reporter-output>
        </test-method> <!-- setUp -->
        <test-method status="PASS" signature="beforeMethod()[pri:0, instance:regressionSuite.TestNG_TestClass1@5034c75a]" name="beforeMethod" is-config="true" duration-ms="0" started-at="2017-06-30T15:15:04Z" finished-at="2017-06-30T15:15:04Z">
          <reporter-output>
          </reporter-output>
        </test-method> <!-- beforeMethod -->
        <test-method status="PASS" signature="testMethodOne()[pri:0, instance:regressionSuite.TestNG_TestClass1@5034c75a]" name="testMethodOne" duration-ms="10" started-at="2017-06-30T15:15:04Z" finished-at="2017-06-30T15:15:04Z">
          <reporter-output>
          </reporter-output>
        </test-method> <!-- testMethodOne -->
        <test-method status="PASS" signature="afterMethod()[pri:0, instance:regressionSuite.TestNG_TestClass1@5034c75a]" name="afterMethod" is-config="true" duration-ms="1" started-at="2017-06-30T15:15:04Z" finished-at="2017-06-30T15:15:04Z">
          <reporter-output>
          </reporter-output>
        </test-method> <!-- afterMethod -->
        <test-method status="PASS" signature="testMethodTwo()[pri:0, instance:regressionSuite.TestNG_TestClass1@5034c75a]" name="testMethodTwo" duration-ms="3" started-at="2017-06-30T15:15:04Z" finished-at="2017-06-30T15:15:04Z">
          <reporter-output>
          </reporter-output>
        </test-method> <!-- testMethodTwo -->
        <test-method status="PASS" signature="beforeMethod()[pri:0, instance:regressionSuite.TestNG_TestClass1@5034c75a]" name="beforeMethod" is-config="true" duration-ms="0" started-at="2017-06-30T15:15:04Z" finished-at="2017-06-30T15:15:04Z">
          <reporter-output>
          </reporter-output>
        </test-method> <!-- beforeMethod -->
        <test-method status="PASS" signature="afterMethod()[pri:0, instance:regressionSuite.TestNG_TestClass1@5034c75a]" name="afterMethod" is-config="true" duration-ms="0" started-at="2017-06-30T15:15:04Z" finished-at="2017-06-30T15:15:04Z">
          <reporter-output>
          </reporter-output>
        </test-method> <!-- afterMethod -->
        <test-method status="PASS" signature="afterClass()[pri:0, instance:regressionSuite.TestNG_TestClass1@5034c75a]" name="afterClass" is-config="true" duration-ms="3" started-at="2017-06-30T15:15:04Z" finished-at="2017-06-30T15:15:04Z">
          <reporter-output>
          </reporter-output>
        </test-method> <!-- afterClass -->
        <test-method status="PASS" signature="cleanUp()[pri:0, instance:regressionSuite.TestNG_TestClass1@5034c75a]" name="cleanUp" is-config="true" duration-ms="0" started-at="2017-06-30T15:15:04Z" finished-at="2017-06-30T15:15:04Z">
          <reporter-output>
          </reporter-output>
        </test-method> <!-- cleanUp -->
        <test-method status="PASS" signature="afterSuite()[pri:0, instance:regressionSuite.TestNG_TestClass1@5034c75a]" name="afterSuite" is-config="true" duration-ms="0" started-at="2017-06-30T15:15:09Z" finished-at="2017-06-30T15:15:09Z">
          <reporter-output>
          </reporter-output>
        </test-method> <!-- afterSuite -->
      </class> <!-- regressionSuite.TestNG_TestClass1 -->
    </test> <!-- Application Test -->
  </suite> <!-- Regression TestSuite -->
</testng-results>
